<?xml version="1.0" encoding="UTF-8"?>
<!-- Generated by org.testng.reporters.JUnitXMLReporter -->
<testsuite hostname="DESKTOP-U21IBB6" ignored="0" name="Default test" tests="2" failures="1" timestamp="28 Aug 2020 22:00:27 GMT" time="134.985" errors="0">
  <testcase name="ecommmmmm" time="73.397" classname="AppiumFull.Appium.e_commerce_endtoend"/>
  <testcase name="ecommmmmm" time="61.41" classname="AppiumFull.Appium.e_commerce_endtoend">
    <failure type="io.appium.java_client.NoSuchContextException" message="An unknown server-side error occurred while processing the command. Original error: A new session could not be created. Details: session not created
from chrome not reachable
  (Session info: chrome=84.0.4147.111)
Build info: version: &amp;apos;3.141.59&amp;apos;, revision: &amp;apos;e82be7d358&amp;apos;, time: &amp;apos;2018-11-14T08:17:03&amp;apos;
System info: host: &amp;apos;DESKTOP-U21IBB6&amp;apos;, ip: &amp;apos;192.168.225.27&amp;apos;, os.name: &amp;apos;Windows 10&amp;apos;, os.arch: &amp;apos;amd64&amp;apos;, os.version: &amp;apos;10.0&amp;apos;, java.version: &amp;apos;1.8.0_261&amp;apos;
Driver info: io.appium.java_client.android.AndroidDriver
Capabilities {appActivity: com.androidsample.generalst..., appPackage: com.androidsample.generalstore, automationName: uiautomator2, databaseEnabled: false, desired: {appActivity: com.androidsample.generalst..., appPackage: com.androidsample.generalstore, automationName: uiautomator2, deviceName: Redmi 6, platformName: android, udid: 4588a8e87d29}, deviceApiLevel: 28, deviceManufacturer: Xiaomi, deviceModel: Redmi 6, deviceName: 4588a8e87d29, deviceScreenDensity: 320, deviceScreenSize: 720x1440, deviceUDID: 4588a8e87d29, javascriptEnabled: true, locationContextEnabled: false, networkConnectionEnabled: true, pixelRatio: 2, platform: LINUX, platformName: Android, platformVersion: 9, statBarHeight: 48, takesScreenshot: true, udid: 4588a8e87d29, viewportRect: {height: 1296, left: 0, top: 48, width: 720}, warnings: {}, webStorageEnabled: false}
Session ID: 8425477f-6357-4e62-b511-a5926eab89e5">
      <![CDATA[io.appium.java_client.NoSuchContextException: An unknown server-side error occurred while processing the command. Original error: A new session could not be created. Details: session not created
from chrome not reachable
  (Session info: chrome=84.0.4147.111)
Build info: version: '3.141.59', revision: 'e82be7d358', time: '2018-11-14T08:17:03'
System info: host: 'DESKTOP-U21IBB6', ip: '192.168.225.27', os.name: 'Windows 10', os.arch: 'amd64', os.version: '10.0', java.version: '1.8.0_261'
Driver info: io.appium.java_client.android.AndroidDriver
Capabilities {appActivity: com.androidsample.generalst..., appPackage: com.androidsample.generalstore, automationName: uiautomator2, databaseEnabled: false, desired: {appActivity: com.androidsample.generalst..., appPackage: com.androidsample.generalstore, automationName: uiautomator2, deviceName: Redmi 6, platformName: android, udid: 4588a8e87d29}, deviceApiLevel: 28, deviceManufacturer: Xiaomi, deviceModel: Redmi 6, deviceName: 4588a8e87d29, deviceScreenDensity: 320, deviceScreenSize: 720x1440, deviceUDID: 4588a8e87d29, javascriptEnabled: true, locationContextEnabled: false, networkConnectionEnabled: true, pixelRatio: 2, platform: LINUX, platformName: Android, platformVersion: 9, statBarHeight: 48, takesScreenshot: true, udid: 4588a8e87d29, viewportRect: {height: 1296, left: 0, top: 48, width: 720}, warnings: {}, webStorageEnabled: false}
Session ID: 8425477f-6357-4e62-b511-a5926eab89e5
at io.appium.java_client.AppiumDriver.context(AppiumDriver.java:231)
at AppiumFull.Appium.e_commerce_endtoend.ecommmmmm(e_commerce_endtoend.java:60)
at sun.reflect.NativeMethodAccessorImpl.invoke0(Native Method)
at sun.reflect.NativeMethodAccessorImpl.invoke(Unknown Source)
at sun.reflect.DelegatingMethodAccessorImpl.invoke(Unknown Source)
at java.lang.reflect.Method.invoke(Unknown Source)
at org.testng.internal.MethodInvocationHelper.invokeMethod(MethodInvocationHelper.java:124)
at org.testng.internal.Invoker.invokeMethod(Invoker.java:583)
at org.testng.internal.Invoker.invokeTestMethod(Invoker.java:719)
at org.testng.internal.Invoker.invokeTestMethods(Invoker.java:989)
at org.testng.internal.TestMethodWorker.invokeTestMethods(TestMethodWorker.java:125)
at org.testng.internal.TestMethodWorker.run(TestMethodWorker.java:109)
at org.testng.TestRunner.privateRun(TestRunner.java:648)
at org.testng.TestRunner.run(TestRunner.java:505)
at org.testng.SuiteRunner.runTest(SuiteRunner.java:455)
at org.testng.SuiteRunner.runSequentially(SuiteRunner.java:450)
at org.testng.SuiteRunner.privateRun(SuiteRunner.java:415)
at org.testng.SuiteRunner.run(SuiteRunner.java:364)
at org.testng.SuiteRunnerWorker.runSuite(SuiteRunnerWorker.java:52)
at org.testng.SuiteRunnerWorker.run(SuiteRunnerWorker.java:84)
at org.testng.TestNG.runSuitesSequentially(TestNG.java:1208)
at org.testng.TestNG.runSuitesLocally(TestNG.java:1137)
at org.testng.TestNG.runSuites(TestNG.java:1049)
at org.testng.TestNG.run(TestNG.java:1017)
at org.testng.remote.AbstractRemoteTestNG.run(AbstractRemoteTestNG.java:114)
at org.testng.remote.RemoteTestNG.initAndRun(RemoteTestNG.java:251)
at org.testng.remote.RemoteTestNG.main(RemoteTestNG.java:77)
Caused by: org.openqa.selenium.WebDriverException: An unknown server-side error occurred while processing the command. Original error: A new session could not be created. Details: session not created
from chrome not reachable
  (Session info: chrome=84.0.4147.111)
Build info: version: '3.141.59', revision: 'e82be7d358', time: '2018-11-14T08:17:03'
System info: host: 'DESKTOP-U21IBB6', ip: '192.168.225.27', os.name: 'Windows 10', os.arch: 'amd64', os.version: '10.0', java.version: '1.8.0_261'
Driver info: io.appium.java_client.android.AndroidDriver
Capabilities {appActivity: com.androidsample.generalst..., appPackage: com.androidsample.generalstore, automationName: uiautomator2, databaseEnabled: false, desired: {appActivity: com.androidsample.generalst..., appPackage: com.androidsample.generalstore, automationName: uiautomator2, deviceName: Redmi 6, platformName: android, udid: 4588a8e87d29}, deviceApiLevel: 28, deviceManufacturer: Xiaomi, deviceModel: Redmi 6, deviceName: 4588a8e87d29, deviceScreenDensity: 320, deviceScreenSize: 720x1440, deviceUDID: 4588a8e87d29, javascriptEnabled: true, locationContextEnabled: false, networkConnectionEnabled: true, pixelRatio: 2, platform: LINUX, platformName: Android, platformVersion: 9, statBarHeight: 48, takesScreenshot: true, udid: 4588a8e87d29, viewportRect: {height: 1296, left: 0, top: 48, width: 720}, warnings: {}, webStorageEnabled: false}
Session ID: 8425477f-6357-4e62-b511-a5926eab89e5
at sun.reflect.NativeConstructorAccessorImpl.newInstance0(Native Method)
at sun.reflect.NativeConstructorAccessorImpl.newInstance(Unknown Source)
at sun.reflect.DelegatingConstructorAccessorImpl.newInstance(Unknown Source)
at java.lang.reflect.Constructor.newInstance(Unknown Source)
at org.openqa.selenium.remote.http.W3CHttpResponseCodec.createException(W3CHttpResponseCodec.java:187)
at org.openqa.selenium.remote.http.W3CHttpResponseCodec.decode(W3CHttpResponseCodec.java:122)
at org.openqa.selenium.remote.http.W3CHttpResponseCodec.decode(W3CHttpResponseCodec.java:49)
at org.openqa.selenium.remote.HttpCommandExecutor.execute(HttpCommandExecutor.java:158)
at io.appium.java_client.remote.AppiumCommandExecutor.execute(AppiumCommandExecutor.java:239)
at org.openqa.selenium.remote.RemoteWebDriver.execute(RemoteWebDriver.java:552)
at io.appium.java_client.DefaultGenericMobileDriver.execute(DefaultGenericMobileDriver.java:41)
at io.appium.java_client.AppiumDriver.execute(AppiumDriver.java:1)
at io.appium.java_client.android.AndroidDriver.execute(AndroidDriver.java:1)
at io.appium.java_client.AppiumDriver.context(AppiumDriver.java:228)
... 26 more
]]>
    </failure>
  </testcase> <!-- ecommmmmm -->
</testsuite> <!-- Default test -->
