<?xml version="1.0" encoding="UTF-8"?>
<!-- Generated by org.testng.reporters.JUnitXMLReporter -->
<testsuite hostname="DESKTOP-U21IBB6" ignored="0" name="Test" tests="3" failures="0" timestamp="29 Aug 2020 22:15:39 GMT" time="153.837" errors="0">
  <testcase name="locator" time="33.161" classname="AppiumFull.Appium.appiumlocators"/>
  <testcase name="ecommmmmm" time="61.977" classname="AppiumFull.Appium.e_commerce_endtoend"/>
  <testcase name="ecommmmmm" time="58.617" classname="AppiumFull.Appium.e_commerce_endtoend"/>
</testsuite> <!-- Test -->
