<?xml version="1.0" encoding="UTF-8"?>
<testng-results skipped="0" failed="0" ignored="0" total="3" passed="3">
  <reporter-output>
  </reporter-output>
  <suite name="Suite" duration-ms="153837" started-at="2020-08-29T22:13:05Z" finished-at="2020-08-29T22:15:39Z">
    <groups>
    </groups>
    <test name="Test" duration-ms="153837" started-at="2020-08-29T22:13:05Z" finished-at="2020-08-29T22:15:39Z">
      <class name="AppiumFull.Appium.e_commerce_endtoend">
        <test-method status="PASS" signature="ecommmmmm(java.lang.String)[pri:0, instance:AppiumFull.Appium.e_commerce_endtoend@4b4523f8]" name="ecommmmmm" duration-ms="61977" started-at="2020-08-29T22:13:38Z" data-provider="InputData" finished-at="2020-08-29T22:14:40Z">
          <params>
            <param index="0">
              <value>
                <![CDATA[ankit]]>
              </value>
            </param>
          </params>
          <reporter-output>
          </reporter-output>
        </test-method> <!-- ecommmmmm -->
        <test-method status="PASS" signature="ecommmmmm(java.lang.String)[pri:0, instance:AppiumFull.Appium.e_commerce_endtoend@4b4523f8]" name="ecommmmmm" duration-ms="58617" started-at="2020-08-29T22:14:40Z" data-provider="InputData" finished-at="2020-08-29T22:15:39Z">
          <params>
            <param index="0">
              <value>
                <![CDATA[tripathi]]>
              </value>
            </param>
          </params>
          <reporter-output>
          </reporter-output>
        </test-method> <!-- ecommmmmm -->
      </class> <!-- AppiumFull.Appium.e_commerce_endtoend -->
      <class name="AppiumFull.Appium.appiumlocators">
        <test-method status="PASS" signature="locator()[pri:0, instance:AppiumFull.Appium.appiumlocators@5a8e6209]" name="locator" duration-ms="33161" started-at="2020-08-29T22:13:05Z" finished-at="2020-08-29T22:13:38Z">
          <reporter-output>
          </reporter-output>
        </test-method> <!-- locator -->
      </class> <!-- AppiumFull.Appium.appiumlocators -->
    </test> <!-- Test -->
  </suite> <!-- Suite -->
</testng-results>
